<?xml version="1.0" encoding="UTF-8"?><testsuite errors="0" failures="1" name="edu.studentapp.junit.partTwo.DefferentTestOutCome" skipped="0" tests="1" time="12.77" timestamp="2020-12-337 03:44:58"><testcase classname="edu.studentapp.junit.partTwo.DefferentTestOutCome" name="This test fail"><failure message="1 expectation failed.&#10;Expected status code &lt;400&gt; but was &lt;200&gt;.&#10;" type="java.lang.AssertionError">1 expectation failed.
Expected status code &lt;400&gt; but was &lt;200&gt;.
</failure><system-err>1 expectation failed.
Expected status code &lt;400&gt; but was &lt;200&gt;.
&#13;
io.restassured.internal.ResponseSpecificationImpl.validateResponseIfRequired(ResponseSpecificationImpl.groovy:636)&#13;
io.restassured.internal.ResponseSpecificationImpl.statusCode(ResponseSpecificationImpl.groovy:122)&#13;
io.restassured.internal.ResponseSpecificationImpl.statusCode(ResponseSpecificationImpl.groovy:130)&#13;
io.restassured.internal.ValidatableResponseOptionsImpl.statusCode(ValidatableResponseOptionsImpl.java:117)&#13;
edu.studentapp.junit.partTwo.DefferentTestOutCome.thisTestFail(DefferentTestOutCome.java:41)&#13;
</system-err></testcase></testsuite>