<?xml version="1.0" encoding="UTF-8"?><testsuite errors="0" failures="0" name="edu.studentapp.cucumber.grouping.TagsTest" skipped="0" tests="4" time="15.32" timestamp="2020-12-338 12:01:54"><testcase classname="edu.studentapp.cucumber.grouping.TagsTest" name="Status code should be 400 if the user tries to accesss an incorrect resource"/><testcase classname="edu.studentapp.cucumber.grouping.TagsTest" name="Varify the status code 200 if the user use GET method on a right resource"/><testcase classname="edu.studentapp.cucumber.grouping.TagsTest" name="Response status code 405 if user provides incorrect HTTP method to access a resource"/><testcase classname="edu.studentapp.cucumber.grouping.TagsTest" name="Response status code 405 if user provides incorrect HTTP method to access a resource"/></testsuite>