<?xml version="1.0" encoding="UTF-8"?><testsuite errors="0" failures="0" name="edu.studentapp.junit.StudentCRUD.StudentCRUDTest2" skipped="0" tests="4" time="1.38" timestamp="2020-12-338 12:02:26"><testcase classname="edu.studentapp.junit.StudentCRUD.StudentCRUDTest2" name="Create a student with all mandatory fields in the student database"/><testcase classname="edu.studentapp.junit.StudentCRUD.StudentCRUDTest2" name="Scan all students from student database and varify that the student is added"/><testcase classname="edu.studentapp.junit.StudentCRUD.StudentCRUDTest2" name="Update student informations and verify that informations are updated"/><testcase classname="edu.studentapp.junit.StudentCRUD.StudentCRUDTest2" name="Delete student information and varify student is deleted"/></testsuite>