<?xml version="1.0" encoding="UTF-8"?><testsuite errors="0" failures="0" name="edu.studentapp.junit.StudentCRUD.StudentCRUDTest" skipped="0" tests="4" time="5.18" timestamp="2020-12-338 12:02:20"><testcase classname="edu.studentapp.junit.StudentCRUD.StudentCRUDTest" name="Create a student with all mandatory fields in the student database"/><testcase classname="edu.studentapp.junit.StudentCRUD.StudentCRUDTest" name="Get all students from student database and varify that added student exist in database"/><testcase classname="edu.studentapp.junit.StudentCRUD.StudentCRUDTest" name="Update student informations and verify that informations are updated"/><testcase classname="edu.studentapp.junit.StudentCRUD.StudentCRUDTest" name="Delete student information and varify student is deleted"/></testsuite>